# JRE version: OpenJDK Runtime Environment (8.0_242-b01) (build 1.8.0_242-release-1644-b01)
# Java VM: OpenJDK 64-Bit Server VM (25.242-b01 mixed mode windows-amd64 compressed oops)
Heap:
 PSYoungGen      total 568320K, used 243244K [0x00000000d5580000, 0x00000000fcc00000, 0x0000000100000000)
  eden space 496128K, 46% used [0x00000000d5580000,0x00000000e3900230,0x00000000f3a00000)
  from space 72192K, 14% used [0x00000000f8580000,0x00000000f8f8b138,0x00000000fcc00000)
  to   space 74752K, 0% used [0x00000000f3a00000,0x00000000f3a00000,0x00000000f8300000)
 ParOldGen       total 309248K, used 239295K [0x0000000080000000, 0x0000000092e00000, 0x00000000d5580000)
  object space 309248K, 77% used [0x0000000080000000,0x000000008e9afdb8,0x0000000092e00000)
 Metaspace       used 105014K, capacity 111714K, committed 112024K, reserved 1146880K
  class space    used 13565K, capacity 14709K, committed 14768K, reserved 1048576K
GC Heap History (10 events):
Event: 869.267 GC heap before
{Heap before GC invocations=50 (full 4):
 PSYoungGen      total 539648K, used 456359K [0x00000000d5580000, 0x00000000fbc00000, 0x0000000100000000)
  eden space 450048K, 100% used [0x00000000d5580000,0x00000000f0d00000,0x00000000f0d00000)
  from space 89600K, 7% used [0x00000000f0d00000,0x00000000f1329ec0,0x00000000f6480000)
  to   space 85504K, 0% used [0x00000000f6880000,0x00000000f6880000,0x00000000fbc00000)
 ParOldGen       total 309248K, used 216416K [0x0000000080000000, 0x0000000092e00000, 0x00000000d5580000)
  object space 309248K, 69% used [0x0000000080000000,0x000000008d3581f8,0x0000000092e00000)
 Metaspace       used 104918K, capacity 111636K, committed 111768K, reserved 1146880K
  class space    used 13565K, capacity 14708K, committed 14768K, reserved 1048576K
Event: 869.277 GC heap after
Heap after GC invocations=50 (full 4):
 PSYoungGen      total 535552K, used 5045K [0x00000000d5580000, 0x00000000fbc00000, 0x0000000100000000)
  eden space 450048K, 0% used [0x00000000d5580000,0x00000000d5580000,0x00000000f0d00000)
  from space 85504K, 5% used [0x00000000f6880000,0x00000000f6d6d7d0,0x00000000fbc00000)
  to   space 89600K, 0% used [0x00000000f0d00000,0x00000000f0d00000,0x00000000f6480000)
 ParOldGen       total 309248K, used 221174K [0x0000000080000000, 0x0000000092e00000, 0x00000000d5580000)
  object space 309248K, 71% used [0x0000000080000000,0x000000008d7fd9e0,0x0000000092e00000)
 Metaspace       used 104918K, capacity 111636K, committed 111768K, reserved 1146880K
  class space    used 13565K, capacity 14708K, committed 14768K, reserved 1048576K
}
Event: 869.648 GC heap before
{Heap before GC invocations=51 (full 4):
 PSYoungGen      total 535552K, used 455093K [0x00000000d5580000, 0x00000000fbc00000, 0x0000000100000000)
  eden space 450048K, 100% used [0x00000000d5580000,0x00000000f0d00000,0x00000000f0d00000)
  from space 85504K, 5% used [0x00000000f6880000,0x00000000f6d6d7d0,0x00000000fbc00000)
  to   space 89600K, 0% used [0x00000000f0d00000,0x00000000f0d00000,0x00000000f6480000)
 ParOldGen       total 309248K, used 221174K [0x0000000080000000, 0x0000000092e00000, 0x00000000d5580000)
  object space 309248K, 71% used [0x0000000080000000,0x000000008d7fd9e0,0x0000000092e00000)
 Metaspace       used 104933K, capacity 111640K, committed 111768K, reserved 1146880K
  class space    used 13565K, capacity 14708K, committed 14768K, reserved 1048576K
Event: 869.657 GC heap after
Heap after GC invocations=51 (full 4):
 PSYoungGen      total 539648K, used 6683K [0x00000000d5580000, 0x00000000fbc00000, 0x0000000100000000)
  eden space 450048K, 0% used [0x00000000d5580000,0x00000000d5580000,0x00000000f0d00000)
  from space 89600K, 7% used [0x00000000f0d00000,0x00000000f1386d38,0x00000000f6480000)
  to   space 85504K, 0% used [0x00000000f6880000,0x00000000f6880000,0x00000000fbc00000)
 ParOldGen       total 309248K, used 224654K [0x0000000080000000, 0x0000000092e00000, 0x00000000d5580000)
  object space 309248K, 72% used [0x0000000080000000,0x000000008db639d0,0x0000000092e00000)
 Metaspace       used 104933K, capacity 111640K, committed 111768K, reserved 1146880K
  class space    used 13565K, capacity 14708K, committed 14768K, reserved 1048576K
}
Event: 870.080 GC heap before
{Heap before GC invocations=52 (full 4):
 PSYoungGen      total 539648K, used 456731K [0x00000000d5580000, 0x00000000fbc00000, 0x0000000100000000)
  eden space 450048K, 100% used [0x00000000d5580000,0x00000000f0d00000,0x00000000f0d00000)
  from space 89600K, 7% used [0x00000000f0d00000,0x00000000f1386d38,0x00000000f6480000)
  to   space 85504K, 0% used [0x00000000f6880000,0x00000000f6880000,0x00000000fbc00000)
 ParOldGen       total 309248K, used 224654K [0x0000000080000000, 0x0000000092e00000, 0x00000000d5580000)
  object space 309248K, 72% used [0x0000000080000000,0x000000008db639d0,0x0000000092e00000)
 Metaspace       used 104945K, capacity 111704K, committed 111768K, reserved 1146880K
  class space    used 13565K, capacity 14708K, committed 14768K, reserved 1048576K
Event: 870.091 GC heap after
Heap after GC invocations=52 (full 4):
 PSYoungGen      total 535552K, used 10875K [0x00000000d5580000, 0x00000000fbc00000, 0x0000000100000000)
  eden space 450048K, 0% used [0x00000000d5580000,0x00000000d5580000,0x00000000f0d00000)
  from space 85504K, 12% used [0x00000000f6880000,0x00000000f731ed48,0x00000000fbc00000)
  to   space 89600K, 0% used [0x00000000f0d00000,0x00000000f0d00000,0x00000000f6480000)
 ParOldGen       total 309248K, used 228128K [0x0000000080000000, 0x0000000092e00000, 0x00000000d5580000)
  object space 309248K, 73% used [0x0000000080000000,0x000000008dec8088,0x0000000092e00000)
 Metaspace       used 104945K, capacity 111704K, committed 111768K, reserved 1146880K
  class space    used 13565K, capacity 14708K, committed 14768K, reserved 1048576K
}
Event: 870.564 GC heap before
{Heap before GC invocations=53 (full 4):
 PSYoungGen      total 535552K, used 460923K [0x00000000d5580000, 0x00000000fbc00000, 0x0000000100000000)
  eden space 450048K, 100% used [0x00000000d5580000,0x00000000f0d00000,0x00000000f0d00000)
  from space 85504K, 12% used [0x00000000f6880000,0x00000000f731ed48,0x00000000fbc00000)
  to   space 89600K, 0% used [0x00000000f0d00000,0x00000000f0d00000,0x00000000f6480000)
 ParOldGen       total 309248K, used 228128K [0x0000000080000000, 0x0000000092e00000, 0x00000000d5580000)
  object space 309248K, 73% used [0x0000000080000000,0x000000008dec8088,0x0000000092e00000)
 Metaspace       used 104975K, capacity 111708K, committed 111768K, reserved 1146880K
  class space    used 13565K, capacity 14708K, committed 14768K, reserved 1048576K
Event: 870.577 GC heap after
Heap after GC invocations=53 (full 4):
 PSYoungGen      total 539648K, used 9430K [0x00000000d5580000, 0x00000000fd180000, 0x0000000100000000)
  eden space 450048K, 0% used [0x00000000d5580000,0x00000000d5580000,0x00000000f0d00000)
  from space 89600K, 10% used [0x00000000f0d00000,0x00000000f1635b70,0x00000000f6480000)
  to   space 77824K, 0% used [0x00000000f8580000,0x00000000f8580000,0x00000000fd180000)
 ParOldGen       total 309248K, used 233725K [0x0000000080000000, 0x0000000092e00000, 0x00000000d5580000)
  object space 309248K, 75% used [0x0000000080000000,0x000000008e43f6a8,0x0000000092e00000)
 Metaspace       used 104975K, capacity 111708K, committed 111768K, reserved 1146880K
  class space    used 13565K, capacity 14708K, committed 14768K, reserved 1048576K
}
Event: 870.960 GC heap before
{Heap before GC invocations=54 (full 4):
 PSYoungGen      total 539648K, used 459478K [0x00000000d5580000, 0x00000000fd180000, 0x0000000100000000)
  eden space 450048K, 100% used [0x00000000d5580000,0x00000000f0d00000,0x00000000f0d00000)
  from space 89600K, 10% used [0x00000000f0d00000,0x00000000f1635b70,0x00000000f6480000)
  to   space 77824K, 0% used [0x00000000f8580000,0x00000000f8580000,0x00000000fd180000)
 ParOldGen       total 309248K, used 233725K [0x0000000080000000, 0x0000000092e00000, 0x00000000d5580000)
  object space 309248K, 75% used [0x0000000080000000,0x000000008e43f6a8,0x0000000092e00000)
 Metaspace       used 105003K, capacity 111708K, committed 111768K, reserved 1146880K
  class space    used 13565K, capacity 14708K, committed 14768K, reserved 1048576K
Event: 870.977 GC heap after
Heap after GC invocations=54 (full 4):
 PSYoungGen      total 568320K, used 10284K [0x00000000d5580000, 0x00000000fcc00000, 0x0000000100000000)
  eden space 496128K, 0% used [0x00000000d5580000,0x00000000d5580000,0x00000000f3a00000)
  from space 72192K, 14% used [0x00000000f8580000,0x00000000f8f8b138,0x00000000fcc00000)
  to   space 74752K, 0% used [0x00000000f3a00000,0x00000000f3a00000,0x00000000f8300000)
 ParOldGen       total 309248K, used 239295K [0x0000000080000000, 0x0000000092e00000, 0x00000000d5580000)
  object space 309248K, 77% used [0x0000000080000000,0x000000008e9afdb8,0x0000000092e00000)
 Metaspace       used 105003K, capacity 111708K, committed 111768K, reserved 1146880K
  class space    used 13565K, capacity 14708K, committed 14768K, reserved 1048576K
}

