# JRE version: OpenJDK Runtime Environment (8.0_242-b01) (build 1.8.0_242-release-1644-b01)
# Java VM: OpenJDK 64-Bit Server VM (25.242-b01 mixed mode windows-amd64 compressed oops)
Heap:
 PSYoungGen      total 604672K, used 384970K [0x00000000d5580000, 0x0000000100000000, 0x0000000100000000)
  eden space 519168K, 74% used [0x00000000d5580000,0x00000000ecd72b70,0x00000000f5080000)
  from space 85504K, 0% used [0x00000000f5080000,0x00000000f5080000,0x00000000fa400000)
  to   space 84480K, 0% used [0x00000000fad80000,0x00000000fad80000,0x0000000100000000)
 ParOldGen       total 384512K, used 162445K [0x0000000080000000, 0x0000000097780000, 0x00000000d5580000)
  object space 384512K, 42% used [0x0000000080000000,0x0000000089ea3780,0x0000000097780000)
 Metaspace       used 105788K, capacity 112982K, committed 113560K, reserved 1148928K
  class space    used 13667K, capacity 14912K, committed 15024K, reserved 1048576K
GC Heap History (10 events):
Event: 3376.010 GC heap before
{Heap before GC invocations=30 (full 4):
 PSYoungGen      total 593408K, used 592938K [0x00000000d5580000, 0x0000000100000000, 0x0000000100000000)
  eden space 534016K, 100% used [0x00000000d5580000,0x00000000f5f00000,0x00000000f5f00000)
  from space 59392K, 99% used [0x00000000f5f00000,0x00000000f988a950,0x00000000f9900000)
  to   space 87040K, 0% used [0x00000000fab00000,0x00000000fab00000,0x0000000100000000)
 ParOldGen       total 268288K, used 168234K [0x0000000080000000, 0x0000000090600000, 0x00000000d5580000)
  object space 268288K, 62% used [0x0000000080000000,0x000000008a44aaa8,0x0000000090600000)
 Metaspace       used 105987K, capacity 113310K, committed 113560K, reserved 1148928K
  class space    used 13711K, capacity 14996K, committed 15024K, reserved 1048576K
Event: 3376.075 GC heap after
Heap after GC invocations=30 (full 4):
 PSYoungGen      total 601600K, used 63329K [0x00000000d5580000, 0x0000000100000000, 0x0000000100000000)
  eden space 514560K, 0% used [0x00000000d5580000,0x00000000d5580000,0x00000000f4c00000)
  from space 87040K, 72% used [0x00000000fab00000,0x00000000fe8d84b0,0x0000000100000000)
  to   space 92160K, 0% used [0x00000000f4c00000,0x00000000f4c00000,0x00000000fa600000)
 ParOldGen       total 268288K, used 169020K [0x0000000080000000, 0x0000000090600000, 0x00000000d5580000)
  object space 268288K, 62% used [0x0000000080000000,0x000000008a50f1a8,0x0000000090600000)
 Metaspace       used 105987K, capacity 113310K, committed 113560K, reserved 1148928K
  class space    used 13711K, capacity 14996K, committed 15024K, reserved 1048576K
}
Event: 3376.950 GC heap before
{Heap before GC invocations=31 (full 4):
 PSYoungGen      total 601600K, used 577889K [0x00000000d5580000, 0x0000000100000000, 0x0000000100000000)
  eden space 514560K, 100% used [0x00000000d5580000,0x00000000f4c00000,0x00000000f4c00000)
  from space 87040K, 72% used [0x00000000fab00000,0x00000000fe8d84b0,0x0000000100000000)
  to   space 92160K, 0% used [0x00000000f4c00000,0x00000000f4c00000,0x00000000fa600000)
 ParOldGen       total 268288K, used 169020K [0x0000000080000000, 0x0000000090600000, 0x00000000d5580000)
  object space 268288K, 62% used [0x0000000080000000,0x000000008a50f1a8,0x0000000090600000)
 Metaspace       used 106000K, capacity 113318K, committed 113560K, reserved 1148928K
  class space    used 13711K, capacity 14996K, committed 15024K, reserved 1048576K
Event: 3377.057 GC heap after
Heap after GC invocations=31 (full 4):
 PSYoungGen      total 606720K, used 33985K [0x00000000d5580000, 0x00000000ffc00000, 0x0000000100000000)
  eden space 514560K, 0% used [0x00000000d5580000,0x00000000d5580000,0x00000000f4c00000)
  from space 92160K, 36% used [0x00000000f4c00000,0x00000000f6d30610,0x00000000fa600000)
  to   space 87552K, 0% used [0x00000000fa680000,0x00000000fa680000,0x00000000ffc00000)
 ParOldGen       total 268288K, used 203778K [0x0000000080000000, 0x0000000090600000, 0x00000000d5580000)
  object space 268288K, 75% used [0x0000000080000000,0x000000008c7008c0,0x0000000090600000)
 Metaspace       used 106000K, capacity 113318K, committed 113560K, reserved 1148928K
  class space    used 13711K, capacity 14996K, committed 15024K, reserved 1048576K
}
Event: 3377.673 GC heap before
{Heap before GC invocations=32 (full 4):
 PSYoungGen      total 606720K, used 548545K [0x00000000d5580000, 0x00000000ffc00000, 0x0000000100000000)
  eden space 514560K, 100% used [0x00000000d5580000,0x00000000f4c00000,0x00000000f4c00000)
  from space 92160K, 36% used [0x00000000f4c00000,0x00000000f6d30610,0x00000000fa600000)
  to   space 87552K, 0% used [0x00000000fa680000,0x00000000fa680000,0x00000000ffc00000)
 ParOldGen       total 268288K, used 203778K [0x0000000080000000, 0x0000000090600000, 0x00000000d5580000)
  object space 268288K, 75% used [0x0000000080000000,0x000000008c7008c0,0x0000000090600000)
 Metaspace       used 106022K, capacity 113386K, committed 113560K, reserved 1148928K
  class space    used 13711K, capacity 14996K, committed 15024K, reserved 1048576K
Event: 3377.717 GC heap after
Heap after GC invocations=32 (full 4):
 PSYoungGen      total 602112K, used 19045K [0x00000000d5580000, 0x00000000ff780000, 0x0000000100000000)
  eden space 519168K, 0% used [0x00000000d5580000,0x00000000d5580000,0x00000000f5080000)
  from space 82944K, 22% used [0x00000000fa680000,0x00000000fb919638,0x00000000ff780000)
  to   space 85504K, 0% used [0x00000000f5080000,0x00000000f5080000,0x00000000fa400000)
 ParOldGen       total 268288K, used 223242K [0x0000000080000000, 0x0000000090600000, 0x00000000d5580000)
  object space 268288K, 83% used [0x0000000080000000,0x000000008da02900,0x0000000090600000)
 Metaspace       used 106022K, capacity 113386K, committed 113560K, reserved 1148928K
  class space    used 13711K, capacity 14996K, committed 15024K, reserved 1048576K
}
Event: 3378.442 GC heap before
{Heap before GC invocations=33 (full 4):
 PSYoungGen      total 602112K, used 538213K [0x00000000d5580000, 0x00000000ff780000, 0x0000000100000000)
  eden space 519168K, 100% used [0x00000000d5580000,0x00000000f5080000,0x00000000f5080000)
  from space 82944K, 22% used [0x00000000fa680000,0x00000000fb919638,0x00000000ff780000)
  to   space 85504K, 0% used [0x00000000f5080000,0x00000000f5080000,0x00000000fa400000)
 ParOldGen       total 268288K, used 223242K [0x0000000080000000, 0x0000000090600000, 0x00000000d5580000)
  object space 268288K, 83% used [0x0000000080000000,0x000000008da02900,0x0000000090600000)
 Metaspace       used 106028K, capacity 113386K, committed 113560K, reserved 1148928K
  class space    used 13712K, capacity 14996K, committed 15024K, reserved 1048576K
Event: 3378.460 GC heap after
Heap after GC invocations=33 (full 4):
 PSYoungGen      total 604672K, used 15749K [0x00000000d5580000, 0x0000000100000000, 0x0000000100000000)
  eden space 519168K, 0% used [0x00000000d5580000,0x00000000d5580000,0x00000000f5080000)
  from space 85504K, 18% used [0x00000000f5080000,0x00000000f5fe15f8,0x00000000fa400000)
  to   space 84480K, 0% used [0x00000000fad80000,0x00000000fad80000,0x0000000100000000)
 ParOldGen       total 268288K, used 233904K [0x0000000080000000, 0x0000000090600000, 0x00000000d5580000)
  object space 268288K, 87% used [0x0000000080000000,0x000000008e46c140,0x0000000090600000)
 Metaspace       used 106028K, capacity 113386K, committed 113560K, reserved 1148928K
  class space    used 13712K, capacity 14996K, committed 15024K, reserved 1048576K
}
Event: 3378.460 GC heap before
{Heap before GC invocations=34 (full 5):
 PSYoungGen      total 604672K, used 15749K [0x00000000d5580000, 0x0000000100000000, 0x0000000100000000)
  eden space 519168K, 0% used [0x00000000d5580000,0x00000000d5580000,0x00000000f5080000)
  from space 85504K, 18% used [0x00000000f5080000,0x00000000f5fe15f8,0x00000000fa400000)
  to   space 84480K, 0% used [0x00000000fad80000,0x00000000fad80000,0x0000000100000000)
 ParOldGen       total 268288K, used 233904K [0x0000000080000000, 0x0000000090600000, 0x00000000d5580000)
  object space 268288K, 87% used [0x0000000080000000,0x000000008e46c140,0x0000000090600000)
 Metaspace       used 106028K, capacity 113386K, committed 113560K, reserved 1148928K
  class space    used 13712K, capacity 14996K, committed 15024K, reserved 1048576K
Event: 3379.207 GC heap after
Heap after GC invocations=34 (full 5):
 PSYoungGen      total 604672K, used 0K [0x00000000d5580000, 0x0000000100000000, 0x0000000100000000)
  eden space 519168K, 0% used [0x00000000d5580000,0x00000000d5580000,0x00000000f5080000)
  from space 85504K, 0% used [0x00000000f5080000,0x00000000f5080000,0x00000000fa400000)
  to   space 84480K, 0% used [0x00000000fad80000,0x00000000fad80000,0x0000000100000000)
 ParOldGen       total 384512K, used 162445K [0x0000000080000000, 0x0000000097780000, 0x00000000d5580000)
  object space 384512K, 42% used [0x0000000080000000,0x0000000089ea3780,0x0000000097780000)
 Metaspace       used 105787K, capacity 112982K, committed 113560K, reserved 1148928K
  class space    used 13667K, capacity 14912K, committed 15024K, reserved 1048576K
}

